<html xmlns:math="http://exslt.org/math" xmlns:testng="http://testng.org">
   <head>
      <title>TestNG Results</title>
      <meta http-equiv="content-type" content="text/html; charset=utf-8"></meta>
      <meta http-equiv="pragma" content="no-cache"></meta>
      <meta http-equiv="cache-control" content="max-age=0"></meta>
      <meta http-equiv="cache-control" content="no-cache"></meta>
      <meta http-equiv="cache-control" content="no-store"></meta>
      <LINK rel="stylesheet" href="style.css"></LINK>
      <script type="text/javascript" src="main.js"></script>
   </head>
   <body>
      <table width="100%" style="font-size: 16px; margin-bottom: 10px;" cellspacing="1">
         <tr>
            <td width="100%">
               Test case
               
               <b>All Page Accessibility Testing Across Devices and Browsers </b>
            </td>
            <td style="background-color: #FFBBBB; padding: 3px 3px 3px 0;" align="center">
               <div style="width: 50px;">1</div>
            </td>
            <td style="background-color: lightgreen; padding: 3px 3px 3px 0;" align="center">
               <div style="width: 50px;">9</div>
            </td>
            <td style="background-color: #FFFFBB; padding: 3px 3px 3px 0;" align="center">
               <div style="width: 50px;">0</div>
            </td>
            <td align="center" style="background-color: #eaf0f7; padding: 3px 3px 3px 0;">
               <div style="width: 50px;">10</div>
            </td>
            <td align="center"
                style="font-weight: bold; background-color: #eaf0f7; padding: 3px 3px 3px 0;">
               <div style="width: 50px;">90%</div>
            </td>
            <td style="background-color: #eaf0f7; padding: 3px 3px 3px 0;" align="center"
                nowrap="true">36m
               40s
               
            </td>
         </tr>
      </table>
      <div style="width: 200px;">
         <label for="groupMethodsCheckBox" style="font-weight: bold; margin: 0;">
            <input id="groupMethodsCheckBox" type="checkbox" onclick="switchTestMethodsView(this)"
                   checked=""></input>
            Group by class
            
         </label>
         <br></br>
         <label for="methodsFilter_ALL" style="font-weight: bold; margin: 0;">
            <input id="methodsFilter_ALL" type="checkbox"
                   onclick="testMethodsFilterChanged(this, 'ALL')"
                   checked=""></input>
            All
            
         </label>
      </div>
      <label for="methodsFilter_FAIL" style="margin-left: 20px;">
         <input id="methodsFilter_FAIL" type="checkbox"
                onclick="testMethodsFilterChanged(this, 'FAIL')"
                checked=""></input>
         Failed
         
      </label>
      <label for="methodsFilter_PASS">
         <input id="methodsFilter_PASS" type="checkbox"
                onclick="testMethodsFilterChanged(this, 'PASS')"
                checked=""></input>
         Passed
         
      </label>
      <label for="methodsFilter_SKIP">
         <input id="methodsFilter_SKIP" type="checkbox"
                onclick="testMethodsFilterChanged(this, 'SKIP')"
                checked=""></input>
         Skipped
         
      </label>
      <label for="methodsFilter_CONF">
         <input id="methodsFilter_CONF" type="checkbox"
                onclick="testMethodsFilterChanged(this, 'CONF')"
                checked=""></input>
         Config
         
      </label>
      <br></br>
      <div id="testMethodsByStatus" style="display: none;">
         <table class="testMethodsTable" cellpadding="0" cellspacing="0">
            <tr class="methodsTableHeader">
               <td width="100%">Name</td>
               <td nowrap="true">Started</td>
               <td nowrap="true">Duration</td>
               <td>Exception</td>
            </tr>
            <tr id="com.proptiger1.MobileTestBed_Chrome_iPhone_AllPageTest_byStatus_failed_FAIL1_row"
                class="testMethodStatusFAIL">
               <td width="100%" class="firstMethodCell">
                  <a onclick="toggleDetailsVisibility('com.proptiger1.MobileTestBed_Chrome_iPhone_AllPageTest_byStatus_failed_FAIL1_details')">Chrome_iPhone_AllPageTest()</a>
               </td>
               <td nowrap="true">14:23:04</td>
               <td nowrap="true" align="right">15m
                  58s
                  
               </td>
               <td nowrap="true">
                  <a onclick="toggleDetailsVisibility('com.proptiger1.MobileTestBed_Chrome_iPhone_AllPageTest_byStatus_failed_FAIL1_exception')">org.openqa.selenium.TimeoutException: 
                     Timed out after 50 seconds waiting for presence of element located by: By.xpath: //div[@class='col-xs-12 col-md-6 col-sm-6'
                     and h1='Builders in India']
                     Build info: version: '2.44.0', revision: '76d78cf', time: '2014-10-23 20:03:00'
                     System info: host: 'iMac.local', ip: '192.168.0.118', os.name: 'Mac OS X', os.arch: 'x86_64', os.version: '10.9.5', java.version:
                     '1.7.0_71'
                     Session ID: 0d17c14a-cc40-8540-b2c8-a8f893654205
                     Driver info: org.openqa.selenium.firefox.FirefoxDriver
                     Capabilities [{platform=MAC, acceptSslCerts=true, javascriptEnabled=true, cssSelectorsEnabled=true, databaseEnabled=true,
                     browserName=firefox, handlesAlerts=true, nativeEvents=false, webStorageEnabled=true, rotatable=false, locationContextEnabled=true,
                     applicationCacheEnabled=true, takesScreenshot=true, version=35.0}]
                     
                  </a>
                   
                  
               </td>
            </tr>
            <tr>
               <td colspan="4" class="detailsBox">
                  <div id="com.proptiger1.MobileTestBed_Chrome_iPhone_AllPageTest_byStatus_failed_FAIL1_details"
                       class="testMethodDetails">
                     <div>
                        <b>Name: </b>Chrome_iPhone_AllPageTest
                     </div>
                     <div>
                        <b>Signature: </b>Chrome_iPhone_AllPageTest()[pri:0, instance:com.proptiger1.MobileTestBed@14377358]
                     </div>
                     <div>
                        <b>Start time: </b>14:23:04
                     </div>
                     <div>
                        <b>End time: </b>14:39:02
                     </div>
                     <div>
                        <b>Duration: </b>15m
                        58s
                        
                     </div>
                  </div>
               </td>
            </tr>
            <tr>
               <td colspan="4" class="detailsBox">
                  <div id="com.proptiger1.MobileTestBed_Chrome_iPhone_AllPageTest_byStatus_failed_FAIL1_exception"
                       class="testMethodDetails">
                     <pre style="padding: 5px; margin: 0;">org.openqa.selenium.TimeoutException: Timed out after 50 seconds waiting for presence of element located by: By.xpath: //div[@class='col-xs-12
                        col-md-6 col-sm-6' and h1='Builders in India']
                        Build info: version: '2.44.0', revision: '76d78cf', time: '2014-10-23 20:03:00'
                        System info: host: 'iMac.local', ip: '192.168.0.118', os.name: 'Mac OS X', os.arch: 'x86_64', os.version: '10.9.5', java.version:
                        '1.7.0_71'
                        Session ID: 0d17c14a-cc40-8540-b2c8-a8f893654205
                        Driver info: org.openqa.selenium.firefox.FirefoxDriver
                        Capabilities [{platform=MAC, acceptSslCerts=true, javascriptEnabled=true, cssSelectorsEnabled=true, databaseEnabled=true,
                        browserName=firefox, handlesAlerts=true, nativeEvents=false, webStorageEnabled=true, rotatable=false, locationContextEnabled=true,
                        applicationCacheEnabled=true, takesScreenshot=true, version=35.0}]
                        	at org.openqa.selenium.support.ui.WebDriverWait.timeoutException(WebDriverWait.java:79)
                        	at org.openqa.selenium.support.ui.FluentWait.until(FluentWait.java:228)
                        	at com.proptiger1.TimeStamp.wait(TimeStamp.java:21)
                        	at com.proptiger1.Cross_PlatForm.AllPages(Cross_PlatForm.java:210)
                        	at com.proptiger1.MobileTestBed.Chrome_iPhone_AllPageTest(MobileTestBed.java:29)
                        	at sun.reflect.NativeMethodAccessorImpl.invoke0(Native Method)
                        	at sun.reflect.NativeMethodAccessorImpl.invoke(NativeMethodAccessorImpl.java:57)
                        	at sun.reflect.DelegatingMethodAccessorImpl.invoke(DelegatingMethodAccessorImpl.java:43)
                        	at java.lang.reflect.Method.invoke(Method.java:606)
                        	at org.testng.internal.MethodInvocationHelper.invokeMethod(MethodInvocationHelper.java:84)
                        	at org.testng.internal.Invoker.invokeMethod(Invoker.java:714)
                        	at org.testng.internal.Invoker.invokeTestMethod(Invoker.java:901)
                        	at org.testng.internal.Invoker.invokeTestMethods(Invoker.java:1231)
                        	at org.testng.internal.TestMethodWorker.invokeTestMethods(TestMethodWorker.java:127)
                        	at org.testng.internal.TestMethodWorker.run(TestMethodWorker.java:111)
                        	at org.testng.TestRunner.privateRun(TestRunner.java:767)
                        	at org.testng.TestRunner.run(TestRunner.java:617)
                        	at org.testng.SuiteRunner.runTest(SuiteRunner.java:334)
                        	at org.testng.SuiteRunner.runSequentially(SuiteRunner.java:329)
                        	at org.testng.SuiteRunner.privateRun(SuiteRunner.java:291)
                        	at org.testng.SuiteRunner.run(SuiteRunner.java:240)
                        	at org.testng.SuiteRunnerWorker.runSuite(SuiteRunnerWorker.java:52)
                        	at org.testng.SuiteRunnerWorker.run(SuiteRunnerWorker.java:86)
                        	at org.testng.TestNG.runSuitesSequentially(TestNG.java:1224)
                        	at org.testng.TestNG.runSuitesLocally(TestNG.java:1149)
                        	at org.testng.TestNG.run(TestNG.java:1057)
                        	at org.testng.TestNG.privateMain(TestNG.java:1364)
                        	at org.testng.TestNG.main(TestNG.java:1333)
                        Caused by: org.openqa.selenium.NoSuchElementException: Unable to locate element: {"method":"xpath","selector":"//div[@class='col-xs-12
                        col-md-6 col-sm-6' and h1='Builders in India']"}
                        Command duration or timeout: 9.61 seconds
                        For documentation on this error, please visit: http://seleniumhq.org/exceptions/no_such_element.html
                        Build info: version: '2.44.0', revision: '76d78cf', time: '2014-10-23 20:03:00'
                        System info: host: 'iMac.local', ip: '192.168.0.118', os.name: 'Mac OS X', os.arch: 'x86_64', os.version: '10.9.5', java.version:
                        '1.7.0_71'
                        Session ID: 0d17c14a-cc40-8540-b2c8-a8f893654205
                        Driver info: org.openqa.selenium.firefox.FirefoxDriver
                        Capabilities [{platform=MAC, acceptSslCerts=true, javascriptEnabled=true, cssSelectorsEnabled=true, databaseEnabled=true,
                        browserName=firefox, handlesAlerts=true, nativeEvents=false, webStorageEnabled=true, rotatable=false, locationContextEnabled=true,
                        applicationCacheEnabled=true, takesScreenshot=true, version=35.0}]
                        	at sun.reflect.GeneratedConstructorAccessor32.newInstance(Unknown Source)
                        	at sun.reflect.DelegatingConstructorAccessorImpl.newInstance(DelegatingConstructorAccessorImpl.java:45)
                        	at java.lang.reflect.Constructor.newInstance(Constructor.java:526)
                        	at org.openqa.selenium.remote.ErrorHandler.createThrowable(ErrorHandler.java:204)
                        	at org.openqa.selenium.remote.ErrorHandler.throwIfResponseFailed(ErrorHandler.java:156)
                        	at org.openqa.selenium.remote.RemoteWebDriver.execute(RemoteWebDriver.java:599)
                        	at org.openqa.selenium.remote.RemoteWebDriver.findElement(RemoteWebDriver.java:352)
                        	at org.openqa.selenium.remote.RemoteWebDriver.findElementByXPath(RemoteWebDriver.java:449)
                        	at org.openqa.selenium.By$ByXPath.findElement(By.java:357)
                        	at org.openqa.selenium.remote.RemoteWebDriver.findElement(RemoteWebDriver.java:344)
                        	at org.openqa.selenium.support.ui.ExpectedConditions.findElement(ExpectedConditions.java:730)
                        	at org.openqa.selenium.support.ui.ExpectedConditions.access$0(ExpectedConditions.java:728)
                        	at org.openqa.selenium.support.ui.ExpectedConditions$3.apply(ExpectedConditions.java:106)
                        	at org.openqa.selenium.support.ui.ExpectedConditions$3.apply(ExpectedConditions.java:1)
                        	at org.openqa.selenium.support.ui.FluentWait.until(FluentWait.java:208)
                        	... 26 more
                        Caused by: org.openqa.selenium.NoSuchElementException: Unable to locate element: {"method":"xpath","selector":"//div[@class='col-xs-12
                        col-md-6 col-sm-6' and h1='Builders in India']"}
                        For documentation on this error, please visit: http://seleniumhq.org/exceptions/no_such_element.html
                        Build info: version: '2.44.0', revision: '76d78cf', time: '2014-10-23 20:03:00'
                        System info: host: 'iMac.local', ip: '192.168.0.118', os.name: 'Mac OS X', os.arch: 'x86_64', os.version: '10.9.5', java.version:
                        '1.7.0_71'
                        Driver info: driver.version: unknown
                        	at &lt;anonymous class&gt;.FirefoxDriver.prototype.findElementInternal_(file:///var/folders/7w/rn52ltqn4j71clm3tpxfgztc0000gn/T/anonymous4261717649649279175webdriver-profile/extensions/fxdriver@googlecode.com/components/driver-component.js:9641:26)
                        	at &lt;anonymous class&gt;.FirefoxDriver.prototype.findElement(file:///var/folders/7w/rn52ltqn4j71clm3tpxfgztc0000gn/T/anonymous4261717649649279175webdriver-profile/extensions/fxdriver@googlecode.com/components/driver-component.js:9650:3)
                        	at &lt;anonymous class&gt;.DelayedCommand.prototype.executeInternal_/h(file:///var/folders/7w/rn52ltqn4j71clm3tpxfgztc0000gn/T/anonymous4261717649649279175webdriver-profile/extensions/fxdriver@googlecode.com/components/command-processor.js:11635:16)
                        	at &lt;anonymous class&gt;.DelayedCommand.prototype.executeInternal_(file:///var/folders/7w/rn52ltqn4j71clm3tpxfgztc0000gn/T/anonymous4261717649649279175webdriver-profile/extensions/fxdriver@googlecode.com/components/command-processor.js:11640:7)
                        	at &lt;anonymous class&gt;.DelayedCommand.prototype.execute/&lt;(file:///var/folders/7w/rn52ltqn4j71clm3tpxfgztc0000gn/T/anonymous4261717649649279175webdriver-profile/extensions/fxdriver@googlecode.com/components/command-processor.js:11582:5)
                     </pre>
                  </div>
               </td>
            </tr>
            <tr id="com.proptiger1.MobileTestBed_start_byStatus_passed_PASS1_row"
                class="testMethodStatusPASS testMethodStatusCONF">
               <td width="100%" class="firstMethodCell">
                  <a onclick="toggleDetailsVisibility('com.proptiger1.MobileTestBed_start_byStatus_passed_PASS1_details')">start()</a>
               </td>
               <td nowrap="true">14:09:36</td>
               <td nowrap="true" align="right">1 ms
                  
               </td>
               <td nowrap="true">
                   
                  
               </td>
            </tr>
            <tr>
               <td colspan="4" class="detailsBox">
                  <div id="com.proptiger1.MobileTestBed_start_byStatus_passed_PASS1_details"
                       class="testMethodDetails">
                     <div>
                        <b>Name: </b>start
                     </div>
                     <div>
                        <b>Signature: </b>start()[pri:0, instance:com.proptiger1.MobileTestBed@14377358]
                     </div>
                     <div>
                        <b>Start time: </b>14:09:36
                     </div>
                     <div>
                        <b>End time: </b>14:09:36
                     </div>
                     <div>
                        <b>Duration: </b>1 ms
                        
                     </div>
                  </div>
               </td>
            </tr>
            <tr></tr>
            <tr id="com.proptiger1.MobileTestBed_UrlCheck_byStatus_passed_PASS2_row"
                class="testMethodStatusPASS">
               <td width="100%" class="firstMethodCell">
                  <a onclick="toggleDetailsVisibility('com.proptiger1.MobileTestBed_UrlCheck_byStatus_passed_PASS2_details')">UrlCheck()</a>
               </td>
               <td nowrap="true">14:09:36</td>
               <td nowrap="true" align="right">4m
                  40s
                  
               </td>
               <td nowrap="true">
                   
                  
               </td>
            </tr>
            <tr>
               <td colspan="4" class="detailsBox">
                  <div id="com.proptiger1.MobileTestBed_UrlCheck_byStatus_passed_PASS2_details"
                       class="testMethodDetails">
                     <div>
                        <b>Name: </b>UrlCheck
                     </div>
                     <div>
                        <b>Signature: </b>UrlCheck()[pri:0, instance:com.proptiger1.MobileTestBed@14377358]
                     </div>
                     <div>
                        <b>Start time: </b>14:09:36
                     </div>
                     <div>
                        <b>End time: </b>14:14:16
                     </div>
                     <div>
                        <b>Duration: </b>4m
                        40s
                        
                     </div>
                  </div>
               </td>
            </tr>
            <tr></tr>
            <tr id="com.proptiger1.MobileTestBed_OperaMini_iPhone__AllPageTest_byStatus_passed_PASS3_row"
                class="testMethodStatusPASS">
               <td width="100%" class="firstMethodCell">
                  <a onclick="toggleDetailsVisibility('com.proptiger1.MobileTestBed_OperaMini_iPhone__AllPageTest_byStatus_passed_PASS3_details')">OperaMini_iPhone__AllPageTest()</a>
               </td>
               <td nowrap="true">14:14:16</td>
               <td nowrap="true" align="right">54s
                  
               </td>
               <td nowrap="true">
                   
                  
               </td>
            </tr>
            <tr>
               <td colspan="4" class="detailsBox">
                  <div id="com.proptiger1.MobileTestBed_OperaMini_iPhone__AllPageTest_byStatus_passed_PASS3_details"
                       class="testMethodDetails">
                     <div>
                        <b>Name: </b>OperaMini_iPhone__AllPageTest
                     </div>
                     <div>
                        <b>Signature: </b>OperaMini_iPhone__AllPageTest()[pri:0, instance:com.proptiger1.MobileTestBed@14377358]
                     </div>
                     <div>
                        <b>Start time: </b>14:14:16
                     </div>
                     <div>
                        <b>End time: </b>14:15:11
                     </div>
                     <div>
                        <b>Duration: </b>54s
                        
                     </div>
                  </div>
               </td>
            </tr>
            <tr></tr>
            <tr id="com.proptiger1.MobileTestBed_IE_Nokia_Lumia920__AllPageTest_byStatus_passed_PASS4_row"
                class="testMethodStatusPASS">
               <td width="100%" class="firstMethodCell">
                  <a onclick="toggleDetailsVisibility('com.proptiger1.MobileTestBed_IE_Nokia_Lumia920__AllPageTest_byStatus_passed_PASS4_details')">IE_Nokia_Lumia920__AllPageTest()</a>
               </td>
               <td nowrap="true">14:15:11</td>
               <td nowrap="true" align="right">45s
                  
               </td>
               <td nowrap="true">
                   
                  
               </td>
            </tr>
            <tr>
               <td colspan="4" class="detailsBox">
                  <div id="com.proptiger1.MobileTestBed_IE_Nokia_Lumia920__AllPageTest_byStatus_passed_PASS4_details"
                       class="testMethodDetails">
                     <div>
                        <b>Name: </b>IE_Nokia_Lumia920__AllPageTest
                     </div>
                     <div>
                        <b>Signature: </b>IE_Nokia_Lumia920__AllPageTest()[pri:0, instance:com.proptiger1.MobileTestBed@14377358]
                     </div>
                     <div>
                        <b>Start time: </b>14:15:11
                     </div>
                     <div>
                        <b>End time: </b>14:15:56
                     </div>
                     <div>
                        <b>Duration: </b>45s
                        
                     </div>
                  </div>
               </td>
            </tr>
            <tr></tr>
            <tr id="com.proptiger1.MobileTestBed_OperaMini_Android__AllPageTest_byStatus_passed_PASS5_row"
                class="testMethodStatusPASS">
               <td width="100%" class="firstMethodCell">
                  <a onclick="toggleDetailsVisibility('com.proptiger1.MobileTestBed_OperaMini_Android__AllPageTest_byStatus_passed_PASS5_details')">OperaMini_Android__AllPageTest()</a>
               </td>
               <td nowrap="true">14:15:56</td>
               <td nowrap="true" align="right">50s
                  
               </td>
               <td nowrap="true">
                   
                  
               </td>
            </tr>
            <tr>
               <td colspan="4" class="detailsBox">
                  <div id="com.proptiger1.MobileTestBed_OperaMini_Android__AllPageTest_byStatus_passed_PASS5_details"
                       class="testMethodDetails">
                     <div>
                        <b>Name: </b>OperaMini_Android__AllPageTest
                     </div>
                     <div>
                        <b>Signature: </b>OperaMini_Android__AllPageTest()[pri:0, instance:com.proptiger1.MobileTestBed@14377358]
                     </div>
                     <div>
                        <b>Start time: </b>14:15:56
                     </div>
                     <div>
                        <b>End time: </b>14:16:47
                     </div>
                     <div>
                        <b>Duration: </b>50s
                        
                     </div>
                  </div>
               </td>
            </tr>
            <tr></tr>
            <tr id="com.proptiger1.MobileTestBed_Safari_iOS8__AllPageTest_byStatus_passed_PASS6_row"
                class="testMethodStatusPASS">
               <td width="100%" class="firstMethodCell">
                  <a onclick="toggleDetailsVisibility('com.proptiger1.MobileTestBed_Safari_iOS8__AllPageTest_byStatus_passed_PASS6_details')">Safari_iOS8__AllPageTest()</a>
               </td>
               <td nowrap="true">14:16:47</td>
               <td nowrap="true" align="right">1m
                  2s
                  
               </td>
               <td nowrap="true">
                   
                  
               </td>
            </tr>
            <tr>
               <td colspan="4" class="detailsBox">
                  <div id="com.proptiger1.MobileTestBed_Safari_iOS8__AllPageTest_byStatus_passed_PASS6_details"
                       class="testMethodDetails">
                     <div>
                        <b>Name: </b>Safari_iOS8__AllPageTest
                     </div>
                     <div>
                        <b>Signature: </b>Safari_iOS8__AllPageTest()[pri:0, instance:com.proptiger1.MobileTestBed@14377358]
                     </div>
                     <div>
                        <b>Start time: </b>14:16:47
                     </div>
                     <div>
                        <b>End time: </b>14:17:50
                     </div>
                     <div>
                        <b>Duration: </b>1m
                        2s
                        
                     </div>
                  </div>
               </td>
            </tr>
            <tr></tr>
            <tr id="com.proptiger1.MobileTestBed_FireFox_Android_AllPageTest_byStatus_passed_PASS7_row"
                class="testMethodStatusPASS">
               <td width="100%" class="firstMethodCell">
                  <a onclick="toggleDetailsVisibility('com.proptiger1.MobileTestBed_FireFox_Android_AllPageTest_byStatus_passed_PASS7_details')">FireFox_Android_AllPageTest()</a>
               </td>
               <td nowrap="true">14:17:50</td>
               <td nowrap="true" align="right">1m
                  31s
                  
               </td>
               <td nowrap="true">
                   
                  
               </td>
            </tr>
            <tr>
               <td colspan="4" class="detailsBox">
                  <div id="com.proptiger1.MobileTestBed_FireFox_Android_AllPageTest_byStatus_passed_PASS7_details"
                       class="testMethodDetails">
                     <div>
                        <b>Name: </b>FireFox_Android_AllPageTest
                     </div>
                     <div>
                        <b>Signature: </b>FireFox_Android_AllPageTest()[pri:0, instance:com.proptiger1.MobileTestBed@14377358]
                     </div>
                     <div>
                        <b>Start time: </b>14:17:50
                     </div>
                     <div>
                        <b>End time: </b>14:19:21
                     </div>
                     <div>
                        <b>Duration: </b>1m
                        31s
                        
                     </div>
                  </div>
               </td>
            </tr>
            <tr></tr>
            <tr id="com.proptiger1.MobileTestBed_Chrome_AndroidMobile__AllPageTest_byStatus_passed_PASS8_row"
                class="testMethodStatusPASS">
               <td width="100%" class="firstMethodCell">
                  <a onclick="toggleDetailsVisibility('com.proptiger1.MobileTestBed_Chrome_AndroidMobile__AllPageTest_byStatus_passed_PASS8_details')">Chrome_AndroidMobile__AllPageTest()</a>
               </td>
               <td nowrap="true">14:19:21</td>
               <td nowrap="true" align="right">2m
                  28s
                  
               </td>
               <td nowrap="true">
                   
                  
               </td>
            </tr>
            <tr>
               <td colspan="4" class="detailsBox">
                  <div id="com.proptiger1.MobileTestBed_Chrome_AndroidMobile__AllPageTest_byStatus_passed_PASS8_details"
                       class="testMethodDetails">
                     <div>
                        <b>Name: </b>Chrome_AndroidMobile__AllPageTest
                     </div>
                     <div>
                        <b>Signature: </b>Chrome_AndroidMobile__AllPageTest()[pri:0, instance:com.proptiger1.MobileTestBed@14377358]
                     </div>
                     <div>
                        <b>Start time: </b>14:19:21
                     </div>
                     <div>
                        <b>End time: </b>14:21:49
                     </div>
                     <div>
                        <b>Duration: </b>2m
                        28s
                        
                     </div>
                  </div>
               </td>
            </tr>
            <tr></tr>
            <tr id="com.proptiger1.MobileTestBed_Safari_iOS7__AllPageTest_byStatus_passed_PASS9_row"
                class="testMethodStatusPASS">
               <td width="100%" class="firstMethodCell">
                  <a onclick="toggleDetailsVisibility('com.proptiger1.MobileTestBed_Safari_iOS7__AllPageTest_byStatus_passed_PASS9_details')">Safari_iOS7__AllPageTest()</a>
               </td>
               <td nowrap="true">14:21:49</td>
               <td nowrap="true" align="right">1m
                  14s
                  
               </td>
               <td nowrap="true">
                   
                  
               </td>
            </tr>
            <tr>
               <td colspan="4" class="detailsBox">
                  <div id="com.proptiger1.MobileTestBed_Safari_iOS7__AllPageTest_byStatus_passed_PASS9_details"
                       class="testMethodDetails">
                     <div>
                        <b>Name: </b>Safari_iOS7__AllPageTest
                     </div>
                     <div>
                        <b>Signature: </b>Safari_iOS7__AllPageTest()[pri:0, instance:com.proptiger1.MobileTestBed@14377358]
                     </div>
                     <div>
                        <b>Start time: </b>14:21:49
                     </div>
                     <div>
                        <b>End time: </b>14:23:04
                     </div>
                     <div>
                        <b>Duration: </b>1m
                        14s
                        
                     </div>
                  </div>
               </td>
            </tr>
            <tr></tr>
            <tr id="com.proptiger1.MobileTestBed_Chrome_AndroidTablet_AllPageTest_byStatus_passed_PASS10_row"
                class="testMethodStatusPASS">
               <td width="100%" class="firstMethodCell">
                  <a onclick="toggleDetailsVisibility('com.proptiger1.MobileTestBed_Chrome_AndroidTablet_AllPageTest_byStatus_passed_PASS10_details')">Chrome_AndroidTablet_AllPageTest()</a>
               </td>
               <td nowrap="true">14:39:02</td>
               <td nowrap="true" align="right">7m
                  14s
                  
               </td>
               <td nowrap="true">
                   
                  
               </td>
            </tr>
            <tr>
               <td colspan="4" class="detailsBox">
                  <div id="com.proptiger1.MobileTestBed_Chrome_AndroidTablet_AllPageTest_byStatus_passed_PASS10_details"
                       class="testMethodDetails">
                     <div>
                        <b>Name: </b>Chrome_AndroidTablet_AllPageTest
                     </div>
                     <div>
                        <b>Signature: </b>Chrome_AndroidTablet_AllPageTest()[pri:0, instance:com.proptiger1.MobileTestBed@14377358]
                     </div>
                     <div>
                        <b>Start time: </b>14:39:02
                     </div>
                     <div>
                        <b>End time: </b>14:46:16
                     </div>
                     <div>
                        <b>Duration: </b>7m
                        14s
                        
                     </div>
                  </div>
               </td>
            </tr>
            <tr></tr>
            <tr id="com.proptiger1.MobileTestBed_teardown_byStatus_passed_PASS11_row"
                class="testMethodStatusPASS testMethodStatusCONF">
               <td width="100%" class="firstMethodCell">
                  <a onclick="toggleDetailsVisibility('com.proptiger1.MobileTestBed_teardown_byStatus_passed_PASS11_details')">teardown()</a>
               </td>
               <td nowrap="true">14:46:16</td>
               <td nowrap="true" align="right">0 ms
                  
               </td>
               <td nowrap="true">
                   
                  
               </td>
            </tr>
            <tr>
               <td colspan="4" class="detailsBox">
                  <div id="com.proptiger1.MobileTestBed_teardown_byStatus_passed_PASS11_details"
                       class="testMethodDetails">
                     <div>
                        <b>Name: </b>teardown
                     </div>
                     <div>
                        <b>Signature: </b>teardown()[pri:0, instance:com.proptiger1.MobileTestBed@14377358]
                     </div>
                     <div>
                        <b>Start time: </b>14:46:16
                     </div>
                     <div>
                        <b>End time: </b>14:46:16
                     </div>
                     <div>
                        <b>Duration: </b>0 ms
                        
                     </div>
                  </div>
               </td>
            </tr>
            <tr></tr>
         </table>
      </div>
      <div id="testMethodsByClass">
         <table class="testMethodsTable" cellpadding="0" cellspacing="0">
            <tr>
               <td colspan="4">
                  <h3 style="display: inline;">com.proptiger1.MobileTestBed</h3>
               </td>
            </tr>
            <tr class="methodsTableHeader">
               <td width="100%">Name</td>
               <td nowrap="true">Started</td>
               <td nowrap="true">Duration</td>
               <td>Exception</td>
            </tr>
            <tr id="com.proptiger1.MobileTestBed_start_byClass_PASS1_row"
                class="testMethodStatusPASS testMethodStatusCONF">
               <td width="100%" class="firstMethodCell">
                  <a onclick="toggleDetailsVisibility('com.proptiger1.MobileTestBed_start_byClass_PASS1_details')">start()</a>
               </td>
               <td nowrap="true">14:09:36</td>
               <td nowrap="true" align="right">1 ms
                  
               </td>
               <td nowrap="true">
                   
                  
               </td>
            </tr>
            <tr>
               <td colspan="4" class="detailsBox">
                  <div id="com.proptiger1.MobileTestBed_start_byClass_PASS1_details"
                       class="testMethodDetails">
                     <div>
                        <b>Name: </b>start
                     </div>
                     <div>
                        <b>Signature: </b>start()[pri:0, instance:com.proptiger1.MobileTestBed@14377358]
                     </div>
                     <div>
                        <b>Start time: </b>14:09:36
                     </div>
                     <div>
                        <b>End time: </b>14:09:36
                     </div>
                     <div>
                        <b>Duration: </b>1 ms
                        
                     </div>
                  </div>
               </td>
            </tr>
            <tr></tr>
            <tr id="com.proptiger1.MobileTestBed_UrlCheck_byClass_PASS2_row"
                class="testMethodStatusPASS">
               <td width="100%" class="firstMethodCell">
                  <a onclick="toggleDetailsVisibility('com.proptiger1.MobileTestBed_UrlCheck_byClass_PASS2_details')">UrlCheck()</a>
               </td>
               <td nowrap="true">14:09:36</td>
               <td nowrap="true" align="right">4m
                  40s
                  
               </td>
               <td nowrap="true">
                   
                  
               </td>
            </tr>
            <tr>
               <td colspan="4" class="detailsBox">
                  <div id="com.proptiger1.MobileTestBed_UrlCheck_byClass_PASS2_details"
                       class="testMethodDetails">
                     <div>
                        <b>Name: </b>UrlCheck
                     </div>
                     <div>
                        <b>Signature: </b>UrlCheck()[pri:0, instance:com.proptiger1.MobileTestBed@14377358]
                     </div>
                     <div>
                        <b>Start time: </b>14:09:36
                     </div>
                     <div>
                        <b>End time: </b>14:14:16
                     </div>
                     <div>
                        <b>Duration: </b>4m
                        40s
                        
                     </div>
                  </div>
               </td>
            </tr>
            <tr></tr>
            <tr id="com.proptiger1.MobileTestBed_OperaMini_iPhone__AllPageTest_byClass_PASS3_row"
                class="testMethodStatusPASS">
               <td width="100%" class="firstMethodCell">
                  <a onclick="toggleDetailsVisibility('com.proptiger1.MobileTestBed_OperaMini_iPhone__AllPageTest_byClass_PASS3_details')">OperaMini_iPhone__AllPageTest()</a>
               </td>
               <td nowrap="true">14:14:16</td>
               <td nowrap="true" align="right">54s
                  
               </td>
               <td nowrap="true">
                   
                  
               </td>
            </tr>
            <tr>
               <td colspan="4" class="detailsBox">
                  <div id="com.proptiger1.MobileTestBed_OperaMini_iPhone__AllPageTest_byClass_PASS3_details"
                       class="testMethodDetails">
                     <div>
                        <b>Name: </b>OperaMini_iPhone__AllPageTest
                     </div>
                     <div>
                        <b>Signature: </b>OperaMini_iPhone__AllPageTest()[pri:0, instance:com.proptiger1.MobileTestBed@14377358]
                     </div>
                     <div>
                        <b>Start time: </b>14:14:16
                     </div>
                     <div>
                        <b>End time: </b>14:15:11
                     </div>
                     <div>
                        <b>Duration: </b>54s
                        
                     </div>
                  </div>
               </td>
            </tr>
            <tr></tr>
            <tr id="com.proptiger1.MobileTestBed_IE_Nokia_Lumia920__AllPageTest_byClass_PASS4_row"
                class="testMethodStatusPASS">
               <td width="100%" class="firstMethodCell">
                  <a onclick="toggleDetailsVisibility('com.proptiger1.MobileTestBed_IE_Nokia_Lumia920__AllPageTest_byClass_PASS4_details')">IE_Nokia_Lumia920__AllPageTest()</a>
               </td>
               <td nowrap="true">14:15:11</td>
               <td nowrap="true" align="right">45s
                  
               </td>
               <td nowrap="true">
                   
                  
               </td>
            </tr>
            <tr>
               <td colspan="4" class="detailsBox">
                  <div id="com.proptiger1.MobileTestBed_IE_Nokia_Lumia920__AllPageTest_byClass_PASS4_details"
                       class="testMethodDetails">
                     <div>
                        <b>Name: </b>IE_Nokia_Lumia920__AllPageTest
                     </div>
                     <div>
                        <b>Signature: </b>IE_Nokia_Lumia920__AllPageTest()[pri:0, instance:com.proptiger1.MobileTestBed@14377358]
                     </div>
                     <div>
                        <b>Start time: </b>14:15:11
                     </div>
                     <div>
                        <b>End time: </b>14:15:56
                     </div>
                     <div>
                        <b>Duration: </b>45s
                        
                     </div>
                  </div>
               </td>
            </tr>
            <tr></tr>
            <tr id="com.proptiger1.MobileTestBed_OperaMini_Android__AllPageTest_byClass_PASS5_row"
                class="testMethodStatusPASS">
               <td width="100%" class="firstMethodCell">
                  <a onclick="toggleDetailsVisibility('com.proptiger1.MobileTestBed_OperaMini_Android__AllPageTest_byClass_PASS5_details')">OperaMini_Android__AllPageTest()</a>
               </td>
               <td nowrap="true">14:15:56</td>
               <td nowrap="true" align="right">50s
                  
               </td>
               <td nowrap="true">
                   
                  
               </td>
            </tr>
            <tr>
               <td colspan="4" class="detailsBox">
                  <div id="com.proptiger1.MobileTestBed_OperaMini_Android__AllPageTest_byClass_PASS5_details"
                       class="testMethodDetails">
                     <div>
                        <b>Name: </b>OperaMini_Android__AllPageTest
                     </div>
                     <div>
                        <b>Signature: </b>OperaMini_Android__AllPageTest()[pri:0, instance:com.proptiger1.MobileTestBed@14377358]
                     </div>
                     <div>
                        <b>Start time: </b>14:15:56
                     </div>
                     <div>
                        <b>End time: </b>14:16:47
                     </div>
                     <div>
                        <b>Duration: </b>50s
                        
                     </div>
                  </div>
               </td>
            </tr>
            <tr></tr>
            <tr id="com.proptiger1.MobileTestBed_Safari_iOS8__AllPageTest_byClass_PASS6_row"
                class="testMethodStatusPASS">
               <td width="100%" class="firstMethodCell">
                  <a onclick="toggleDetailsVisibility('com.proptiger1.MobileTestBed_Safari_iOS8__AllPageTest_byClass_PASS6_details')">Safari_iOS8__AllPageTest()</a>
               </td>
               <td nowrap="true">14:16:47</td>
               <td nowrap="true" align="right">1m
                  2s
                  
               </td>
               <td nowrap="true">
                   
                  
               </td>
            </tr>
            <tr>
               <td colspan="4" class="detailsBox">
                  <div id="com.proptiger1.MobileTestBed_Safari_iOS8__AllPageTest_byClass_PASS6_details"
                       class="testMethodDetails">
                     <div>
                        <b>Name: </b>Safari_iOS8__AllPageTest
                     </div>
                     <div>
                        <b>Signature: </b>Safari_iOS8__AllPageTest()[pri:0, instance:com.proptiger1.MobileTestBed@14377358]
                     </div>
                     <div>
                        <b>Start time: </b>14:16:47
                     </div>
                     <div>
                        <b>End time: </b>14:17:50
                     </div>
                     <div>
                        <b>Duration: </b>1m
                        2s
                        
                     </div>
                  </div>
               </td>
            </tr>
            <tr></tr>
            <tr id="com.proptiger1.MobileTestBed_FireFox_Android_AllPageTest_byClass_PASS7_row"
                class="testMethodStatusPASS">
               <td width="100%" class="firstMethodCell">
                  <a onclick="toggleDetailsVisibility('com.proptiger1.MobileTestBed_FireFox_Android_AllPageTest_byClass_PASS7_details')">FireFox_Android_AllPageTest()</a>
               </td>
               <td nowrap="true">14:17:50</td>
               <td nowrap="true" align="right">1m
                  31s
                  
               </td>
               <td nowrap="true">
                   
                  
               </td>
            </tr>
            <tr>
               <td colspan="4" class="detailsBox">
                  <div id="com.proptiger1.MobileTestBed_FireFox_Android_AllPageTest_byClass_PASS7_details"
                       class="testMethodDetails">
                     <div>
                        <b>Name: </b>FireFox_Android_AllPageTest
                     </div>
                     <div>
                        <b>Signature: </b>FireFox_Android_AllPageTest()[pri:0, instance:com.proptiger1.MobileTestBed@14377358]
                     </div>
                     <div>
                        <b>Start time: </b>14:17:50
                     </div>
                     <div>
                        <b>End time: </b>14:19:21
                     </div>
                     <div>
                        <b>Duration: </b>1m
                        31s
                        
                     </div>
                  </div>
               </td>
            </tr>
            <tr></tr>
            <tr id="com.proptiger1.MobileTestBed_Chrome_AndroidMobile__AllPageTest_byClass_PASS8_row"
                class="testMethodStatusPASS">
               <td width="100%" class="firstMethodCell">
                  <a onclick="toggleDetailsVisibility('com.proptiger1.MobileTestBed_Chrome_AndroidMobile__AllPageTest_byClass_PASS8_details')">Chrome_AndroidMobile__AllPageTest()</a>
               </td>
               <td nowrap="true">14:19:21</td>
               <td nowrap="true" align="right">2m
                  28s
                  
               </td>
               <td nowrap="true">
                   
                  
               </td>
            </tr>
            <tr>
               <td colspan="4" class="detailsBox">
                  <div id="com.proptiger1.MobileTestBed_Chrome_AndroidMobile__AllPageTest_byClass_PASS8_details"
                       class="testMethodDetails">
                     <div>
                        <b>Name: </b>Chrome_AndroidMobile__AllPageTest
                     </div>
                     <div>
                        <b>Signature: </b>Chrome_AndroidMobile__AllPageTest()[pri:0, instance:com.proptiger1.MobileTestBed@14377358]
                     </div>
                     <div>
                        <b>Start time: </b>14:19:21
                     </div>
                     <div>
                        <b>End time: </b>14:21:49
                     </div>
                     <div>
                        <b>Duration: </b>2m
                        28s
                        
                     </div>
                  </div>
               </td>
            </tr>
            <tr></tr>
            <tr id="com.proptiger1.MobileTestBed_Safari_iOS7__AllPageTest_byClass_PASS9_row"
                class="testMethodStatusPASS">
               <td width="100%" class="firstMethodCell">
                  <a onclick="toggleDetailsVisibility('com.proptiger1.MobileTestBed_Safari_iOS7__AllPageTest_byClass_PASS9_details')">Safari_iOS7__AllPageTest()</a>
               </td>
               <td nowrap="true">14:21:49</td>
               <td nowrap="true" align="right">1m
                  14s
                  
               </td>
               <td nowrap="true">
                   
                  
               </td>
            </tr>
            <tr>
               <td colspan="4" class="detailsBox">
                  <div id="com.proptiger1.MobileTestBed_Safari_iOS7__AllPageTest_byClass_PASS9_details"
                       class="testMethodDetails">
                     <div>
                        <b>Name: </b>Safari_iOS7__AllPageTest
                     </div>
                     <div>
                        <b>Signature: </b>Safari_iOS7__AllPageTest()[pri:0, instance:com.proptiger1.MobileTestBed@14377358]
                     </div>
                     <div>
                        <b>Start time: </b>14:21:49
                     </div>
                     <div>
                        <b>End time: </b>14:23:04
                     </div>
                     <div>
                        <b>Duration: </b>1m
                        14s
                        
                     </div>
                  </div>
               </td>
            </tr>
            <tr></tr>
            <tr id="com.proptiger1.MobileTestBed_Chrome_iPhone_AllPageTest_byClass_FAIL10_row"
                class="testMethodStatusFAIL">
               <td width="100%" class="firstMethodCell">
                  <a onclick="toggleDetailsVisibility('com.proptiger1.MobileTestBed_Chrome_iPhone_AllPageTest_byClass_FAIL10_details')">Chrome_iPhone_AllPageTest()</a>
               </td>
               <td nowrap="true">14:23:04</td>
               <td nowrap="true" align="right">15m
                  58s
                  
               </td>
               <td nowrap="true">
                  <a onclick="toggleDetailsVisibility('com.proptiger1.MobileTestBed_Chrome_iPhone_AllPageTest_byClass_FAIL10_exception')">org.openqa.selenium.TimeoutException: 
                     Timed out after 50 seconds waiting for presence of element located by: By.xpath: //div[@class='col-xs-12 col-md-6 col-sm-6'
                     and h1='Builders in India']
                     Build info: version: '2.44.0', revision: '76d78cf', time: '2014-10-23 20:03:00'
                     System info: host: 'iMac.local', ip: '192.168.0.118', os.name: 'Mac OS X', os.arch: 'x86_64', os.version: '10.9.5', java.version:
                     '1.7.0_71'
                     Session ID: 0d17c14a-cc40-8540-b2c8-a8f893654205
                     Driver info: org.openqa.selenium.firefox.FirefoxDriver
                     Capabilities [{platform=MAC, acceptSslCerts=true, javascriptEnabled=true, cssSelectorsEnabled=true, databaseEnabled=true,
                     browserName=firefox, handlesAlerts=true, nativeEvents=false, webStorageEnabled=true, rotatable=false, locationContextEnabled=true,
                     applicationCacheEnabled=true, takesScreenshot=true, version=35.0}]
                     
                  </a>
                   
                  
               </td>
            </tr>
            <tr>
               <td colspan="4" class="detailsBox">
                  <div id="com.proptiger1.MobileTestBed_Chrome_iPhone_AllPageTest_byClass_FAIL10_details"
                       class="testMethodDetails">
                     <div>
                        <b>Name: </b>Chrome_iPhone_AllPageTest
                     </div>
                     <div>
                        <b>Signature: </b>Chrome_iPhone_AllPageTest()[pri:0, instance:com.proptiger1.MobileTestBed@14377358]
                     </div>
                     <div>
                        <b>Start time: </b>14:23:04
                     </div>
                     <div>
                        <b>End time: </b>14:39:02
                     </div>
                     <div>
                        <b>Duration: </b>15m
                        58s
                        
                     </div>
                  </div>
               </td>
            </tr>
            <tr>
               <td colspan="4" class="detailsBox">
                  <div id="com.proptiger1.MobileTestBed_Chrome_iPhone_AllPageTest_byClass_FAIL10_exception"
                       class="testMethodDetails">
                     <pre style="padding: 5px; margin: 0;">org.openqa.selenium.TimeoutException: Timed out after 50 seconds waiting for presence of element located by: By.xpath: //div[@class='col-xs-12
                        col-md-6 col-sm-6' and h1='Builders in India']
                        Build info: version: '2.44.0', revision: '76d78cf', time: '2014-10-23 20:03:00'
                        System info: host: 'iMac.local', ip: '192.168.0.118', os.name: 'Mac OS X', os.arch: 'x86_64', os.version: '10.9.5', java.version:
                        '1.7.0_71'
                        Session ID: 0d17c14a-cc40-8540-b2c8-a8f893654205
                        Driver info: org.openqa.selenium.firefox.FirefoxDriver
                        Capabilities [{platform=MAC, acceptSslCerts=true, javascriptEnabled=true, cssSelectorsEnabled=true, databaseEnabled=true,
                        browserName=firefox, handlesAlerts=true, nativeEvents=false, webStorageEnabled=true, rotatable=false, locationContextEnabled=true,
                        applicationCacheEnabled=true, takesScreenshot=true, version=35.0}]
                        	at org.openqa.selenium.support.ui.WebDriverWait.timeoutException(WebDriverWait.java:79)
                        	at org.openqa.selenium.support.ui.FluentWait.until(FluentWait.java:228)
                        	at com.proptiger1.TimeStamp.wait(TimeStamp.java:21)
                        	at com.proptiger1.Cross_PlatForm.AllPages(Cross_PlatForm.java:210)
                        	at com.proptiger1.MobileTestBed.Chrome_iPhone_AllPageTest(MobileTestBed.java:29)
                        	at sun.reflect.NativeMethodAccessorImpl.invoke0(Native Method)
                        	at sun.reflect.NativeMethodAccessorImpl.invoke(NativeMethodAccessorImpl.java:57)
                        	at sun.reflect.DelegatingMethodAccessorImpl.invoke(DelegatingMethodAccessorImpl.java:43)
                        	at java.lang.reflect.Method.invoke(Method.java:606)
                        	at org.testng.internal.MethodInvocationHelper.invokeMethod(MethodInvocationHelper.java:84)
                        	at org.testng.internal.Invoker.invokeMethod(Invoker.java:714)
                        	at org.testng.internal.Invoker.invokeTestMethod(Invoker.java:901)
                        	at org.testng.internal.Invoker.invokeTestMethods(Invoker.java:1231)
                        	at org.testng.internal.TestMethodWorker.invokeTestMethods(TestMethodWorker.java:127)
                        	at org.testng.internal.TestMethodWorker.run(TestMethodWorker.java:111)
                        	at org.testng.TestRunner.privateRun(TestRunner.java:767)
                        	at org.testng.TestRunner.run(TestRunner.java:617)
                        	at org.testng.SuiteRunner.runTest(SuiteRunner.java:334)
                        	at org.testng.SuiteRunner.runSequentially(SuiteRunner.java:329)
                        	at org.testng.SuiteRunner.privateRun(SuiteRunner.java:291)
                        	at org.testng.SuiteRunner.run(SuiteRunner.java:240)
                        	at org.testng.SuiteRunnerWorker.runSuite(SuiteRunnerWorker.java:52)
                        	at org.testng.SuiteRunnerWorker.run(SuiteRunnerWorker.java:86)
                        	at org.testng.TestNG.runSuitesSequentially(TestNG.java:1224)
                        	at org.testng.TestNG.runSuitesLocally(TestNG.java:1149)
                        	at org.testng.TestNG.run(TestNG.java:1057)
                        	at org.testng.TestNG.privateMain(TestNG.java:1364)
                        	at org.testng.TestNG.main(TestNG.java:1333)
                        Caused by: org.openqa.selenium.NoSuchElementException: Unable to locate element: {"method":"xpath","selector":"//div[@class='col-xs-12
                        col-md-6 col-sm-6' and h1='Builders in India']"}
                        Command duration or timeout: 9.61 seconds
                        For documentation on this error, please visit: http://seleniumhq.org/exceptions/no_such_element.html
                        Build info: version: '2.44.0', revision: '76d78cf', time: '2014-10-23 20:03:00'
                        System info: host: 'iMac.local', ip: '192.168.0.118', os.name: 'Mac OS X', os.arch: 'x86_64', os.version: '10.9.5', java.version:
                        '1.7.0_71'
                        Session ID: 0d17c14a-cc40-8540-b2c8-a8f893654205
                        Driver info: org.openqa.selenium.firefox.FirefoxDriver
                        Capabilities [{platform=MAC, acceptSslCerts=true, javascriptEnabled=true, cssSelectorsEnabled=true, databaseEnabled=true,
                        browserName=firefox, handlesAlerts=true, nativeEvents=false, webStorageEnabled=true, rotatable=false, locationContextEnabled=true,
                        applicationCacheEnabled=true, takesScreenshot=true, version=35.0}]
                        	at sun.reflect.GeneratedConstructorAccessor32.newInstance(Unknown Source)
                        	at sun.reflect.DelegatingConstructorAccessorImpl.newInstance(DelegatingConstructorAccessorImpl.java:45)
                        	at java.lang.reflect.Constructor.newInstance(Constructor.java:526)
                        	at org.openqa.selenium.remote.ErrorHandler.createThrowable(ErrorHandler.java:204)
                        	at org.openqa.selenium.remote.ErrorHandler.throwIfResponseFailed(ErrorHandler.java:156)
                        	at org.openqa.selenium.remote.RemoteWebDriver.execute(RemoteWebDriver.java:599)
                        	at org.openqa.selenium.remote.RemoteWebDriver.findElement(RemoteWebDriver.java:352)
                        	at org.openqa.selenium.remote.RemoteWebDriver.findElementByXPath(RemoteWebDriver.java:449)
                        	at org.openqa.selenium.By$ByXPath.findElement(By.java:357)
                        	at org.openqa.selenium.remote.RemoteWebDriver.findElement(RemoteWebDriver.java:344)
                        	at org.openqa.selenium.support.ui.ExpectedConditions.findElement(ExpectedConditions.java:730)
                        	at org.openqa.selenium.support.ui.ExpectedConditions.access$0(ExpectedConditions.java:728)
                        	at org.openqa.selenium.support.ui.ExpectedConditions$3.apply(ExpectedConditions.java:106)
                        	at org.openqa.selenium.support.ui.ExpectedConditions$3.apply(ExpectedConditions.java:1)
                        	at org.openqa.selenium.support.ui.FluentWait.until(FluentWait.java:208)
                        	... 26 more
                        Caused by: org.openqa.selenium.NoSuchElementException: Unable to locate element: {"method":"xpath","selector":"//div[@class='col-xs-12
                        col-md-6 col-sm-6' and h1='Builders in India']"}
                        For documentation on this error, please visit: http://seleniumhq.org/exceptions/no_such_element.html
                        Build info: version: '2.44.0', revision: '76d78cf', time: '2014-10-23 20:03:00'
                        System info: host: 'iMac.local', ip: '192.168.0.118', os.name: 'Mac OS X', os.arch: 'x86_64', os.version: '10.9.5', java.version:
                        '1.7.0_71'
                        Driver info: driver.version: unknown
                        	at &lt;anonymous class&gt;.FirefoxDriver.prototype.findElementInternal_(file:///var/folders/7w/rn52ltqn4j71clm3tpxfgztc0000gn/T/anonymous4261717649649279175webdriver-profile/extensions/fxdriver@googlecode.com/components/driver-component.js:9641:26)
                        	at &lt;anonymous class&gt;.FirefoxDriver.prototype.findElement(file:///var/folders/7w/rn52ltqn4j71clm3tpxfgztc0000gn/T/anonymous4261717649649279175webdriver-profile/extensions/fxdriver@googlecode.com/components/driver-component.js:9650:3)
                        	at &lt;anonymous class&gt;.DelayedCommand.prototype.executeInternal_/h(file:///var/folders/7w/rn52ltqn4j71clm3tpxfgztc0000gn/T/anonymous4261717649649279175webdriver-profile/extensions/fxdriver@googlecode.com/components/command-processor.js:11635:16)
                        	at &lt;anonymous class&gt;.DelayedCommand.prototype.executeInternal_(file:///var/folders/7w/rn52ltqn4j71clm3tpxfgztc0000gn/T/anonymous4261717649649279175webdriver-profile/extensions/fxdriver@googlecode.com/components/command-processor.js:11640:7)
                        	at &lt;anonymous class&gt;.DelayedCommand.prototype.execute/&lt;(file:///var/folders/7w/rn52ltqn4j71clm3tpxfgztc0000gn/T/anonymous4261717649649279175webdriver-profile/extensions/fxdriver@googlecode.com/components/command-processor.js:11582:5)
                     </pre>
                  </div>
               </td>
            </tr>
            <tr id="com.proptiger1.MobileTestBed_Chrome_AndroidTablet_AllPageTest_byClass_PASS11_row"
                class="testMethodStatusPASS">
               <td width="100%" class="firstMethodCell">
                  <a onclick="toggleDetailsVisibility('com.proptiger1.MobileTestBed_Chrome_AndroidTablet_AllPageTest_byClass_PASS11_details')">Chrome_AndroidTablet_AllPageTest()</a>
               </td>
               <td nowrap="true">14:39:02</td>
               <td nowrap="true" align="right">7m
                  14s
                  
               </td>
               <td nowrap="true">
                   
                  
               </td>
            </tr>
            <tr>
               <td colspan="4" class="detailsBox">
                  <div id="com.proptiger1.MobileTestBed_Chrome_AndroidTablet_AllPageTest_byClass_PASS11_details"
                       class="testMethodDetails">
                     <div>
                        <b>Name: </b>Chrome_AndroidTablet_AllPageTest
                     </div>
                     <div>
                        <b>Signature: </b>Chrome_AndroidTablet_AllPageTest()[pri:0, instance:com.proptiger1.MobileTestBed@14377358]
                     </div>
                     <div>
                        <b>Start time: </b>14:39:02
                     </div>
                     <div>
                        <b>End time: </b>14:46:16
                     </div>
                     <div>
                        <b>Duration: </b>7m
                        14s
                        
                     </div>
                  </div>
               </td>
            </tr>
            <tr></tr>
            <tr id="com.proptiger1.MobileTestBed_teardown_byClass_PASS12_row"
                class="testMethodStatusPASS testMethodStatusCONF">
               <td width="100%" class="firstMethodCell">
                  <a onclick="toggleDetailsVisibility('com.proptiger1.MobileTestBed_teardown_byClass_PASS12_details')">teardown()</a>
               </td>
               <td nowrap="true">14:46:16</td>
               <td nowrap="true" align="right">0 ms
                  
               </td>
               <td nowrap="true">
                   
                  
               </td>
            </tr>
            <tr>
               <td colspan="4" class="detailsBox">
                  <div id="com.proptiger1.MobileTestBed_teardown_byClass_PASS12_details"
                       class="testMethodDetails">
                     <div>
                        <b>Name: </b>teardown
                     </div>
                     <div>
                        <b>Signature: </b>teardown()[pri:0, instance:com.proptiger1.MobileTestBed@14377358]
                     </div>
                     <div>
                        <b>Start time: </b>14:46:16
                     </div>
                     <div>
                        <b>End time: </b>14:46:16
                     </div>
                     <div>
                        <b>Duration: </b>0 ms
                        
                     </div>
                  </div>
               </td>
            </tr>
            <tr></tr>
         </table>
         <br></br>
      </div>
      <div style="margin-top: 15px; color: gray; text-align: center; font-size: 9px;">
         Generated with
         
         <a href="http://code.google.com/p/testng-xslt/" style="color: #8888aa;"
            target="_blank">
            TestNG XSLT
            
         </a>
      </div>
   </body>
</html>