<?xml version="1.0" encoding="UTF-8"?>
<!-- Generated by org.testng.reporters.JUnitXMLReporter -->
<testsuite hostname="proptigers-MacBook-Pro.local" name="Default test" tests="10" failures="0" timestamp="18 Jul 2015 08:47:46 GMT" time="1104.769" errors="0">
  <testcase name="UrlCheck" time="500.976" classname="com.proptiger1.MobileTestBed"/>
  <testcase name="OperaMini_Android__AllPageTest" time="104.238" classname="com.proptiger1.MobileTestBed"/>
  <testcase name="OperaMini_iPhone__AllPageTest" time="62.666" classname="com.proptiger1.MobileTestBed"/>
  <testcase name="IE_Nokia_Lumia920__AllPageTest" time="54.932" classname="com.proptiger1.MobileTestBed"/>
  <testcase name="Safari_iOS7__AllPageTest" time="54.842" classname="com.proptiger1.MobileTestBed"/>
  <testcase name="Safari_iOS8__AllPageTest" time="55.541" classname="com.proptiger1.MobileTestBed"/>
  <testcase name="FireFox_Android_AllPageTest" time="77.878" classname="com.proptiger1.MobileTestBed"/>
  <testcase name="Chrome_AndroidMobile__AllPageTest" time="62.339" classname="com.proptiger1.MobileTestBed"/>
  <testcase name="Chrome_AndroidTablet_AllPageTest" time="72.244" classname="com.proptiger1.MobileTestBed"/>
  <testcase name="Chrome_iPhone_AllPageTest" time="59.03" classname="com.proptiger1.MobileTestBed"/>
</testsuite> <!-- Default test -->
