<?xml version="1.0" encoding="UTF-8"?>
<testng-results skipped="0" failed="0" total="10" passed="10">
  <reporter-output>
  </reporter-output>
  <suite name="Default suite" duration-ms="1104769" started-at="2015-07-18T08:29:21Z" finished-at="2015-07-18T08:47:46Z">
    <groups>
    </groups>
    <test name="Default test" duration-ms="1104769" started-at="2015-07-18T08:29:21Z" finished-at="2015-07-18T08:47:46Z">
      <class name="com.proptiger1.MobileTestBed">
        <test-method status="PASS" signature="start()[pri:0, instance:com.proptiger1.MobileTestBed@5a01ccaa]" name="start" is-config="true" duration-ms="19" started-at="2015-07-18T13:59:21Z" finished-at="2015-07-18T13:59:21Z">
          <reporter-output>
          </reporter-output>
        </test-method> <!-- start -->
        <test-method status="PASS" signature="UrlCheck()[pri:0, instance:com.proptiger1.MobileTestBed@5a01ccaa]" name="UrlCheck" duration-ms="500976" started-at="2015-07-18T13:59:21Z" finished-at="2015-07-18T14:07:42Z">
          <reporter-output>
          </reporter-output>
        </test-method> <!-- UrlCheck -->
        <test-method status="PASS" signature="OperaMini_Android__AllPageTest()[pri:0, instance:com.proptiger1.MobileTestBed@5a01ccaa]" name="OperaMini_Android__AllPageTest" duration-ms="104238" started-at="2015-07-18T14:07:42Z" finished-at="2015-07-18T14:09:26Z">
          <reporter-output>
          </reporter-output>
        </test-method> <!-- OperaMini_Android__AllPageTest -->
        <test-method status="PASS" signature="OperaMini_iPhone__AllPageTest()[pri:0, instance:com.proptiger1.MobileTestBed@5a01ccaa]" name="OperaMini_iPhone__AllPageTest" duration-ms="62666" started-at="2015-07-18T14:09:26Z" finished-at="2015-07-18T14:10:29Z">
          <reporter-output>
          </reporter-output>
        </test-method> <!-- OperaMini_iPhone__AllPageTest -->
        <test-method status="PASS" signature="IE_Nokia_Lumia920__AllPageTest()[pri:0, instance:com.proptiger1.MobileTestBed@5a01ccaa]" name="IE_Nokia_Lumia920__AllPageTest" duration-ms="54932" started-at="2015-07-18T14:10:29Z" finished-at="2015-07-18T14:11:24Z">
          <reporter-output>
          </reporter-output>
        </test-method> <!-- IE_Nokia_Lumia920__AllPageTest -->
        <test-method status="PASS" signature="Safari_iOS7__AllPageTest()[pri:0, instance:com.proptiger1.MobileTestBed@5a01ccaa]" name="Safari_iOS7__AllPageTest" duration-ms="54842" started-at="2015-07-18T14:11:24Z" finished-at="2015-07-18T14:12:19Z">
          <reporter-output>
          </reporter-output>
        </test-method> <!-- Safari_iOS7__AllPageTest -->
        <test-method status="PASS" signature="Safari_iOS8__AllPageTest()[pri:0, instance:com.proptiger1.MobileTestBed@5a01ccaa]" name="Safari_iOS8__AllPageTest" duration-ms="55541" started-at="2015-07-18T14:12:19Z" finished-at="2015-07-18T14:13:14Z">
          <reporter-output>
          </reporter-output>
        </test-method> <!-- Safari_iOS8__AllPageTest -->
        <test-method status="PASS" signature="FireFox_Android_AllPageTest()[pri:0, instance:com.proptiger1.MobileTestBed@5a01ccaa]" name="FireFox_Android_AllPageTest" duration-ms="77878" started-at="2015-07-18T14:13:14Z" finished-at="2015-07-18T14:14:32Z">
          <reporter-output>
          </reporter-output>
        </test-method> <!-- FireFox_Android_AllPageTest -->
        <test-method status="PASS" signature="Chrome_AndroidMobile__AllPageTest()[pri:0, instance:com.proptiger1.MobileTestBed@5a01ccaa]" name="Chrome_AndroidMobile__AllPageTest" duration-ms="62339" started-at="2015-07-18T14:14:32Z" finished-at="2015-07-18T14:15:35Z">
          <reporter-output>
          </reporter-output>
        </test-method> <!-- Chrome_AndroidMobile__AllPageTest -->
        <test-method status="PASS" signature="Chrome_AndroidTablet_AllPageTest()[pri:0, instance:com.proptiger1.MobileTestBed@5a01ccaa]" name="Chrome_AndroidTablet_AllPageTest" duration-ms="72244" started-at="2015-07-18T14:15:35Z" finished-at="2015-07-18T14:16:47Z">
          <reporter-output>
          </reporter-output>
        </test-method> <!-- Chrome_AndroidTablet_AllPageTest -->
        <test-method status="PASS" signature="Chrome_iPhone_AllPageTest()[pri:0, instance:com.proptiger1.MobileTestBed@5a01ccaa]" name="Chrome_iPhone_AllPageTest" duration-ms="59030" started-at="2015-07-18T14:16:47Z" finished-at="2015-07-18T14:17:46Z">
          <reporter-output>
          </reporter-output>
        </test-method> <!-- Chrome_iPhone_AllPageTest -->
        <test-method status="PASS" signature="teardown()[pri:0, instance:com.proptiger1.MobileTestBed@5a01ccaa]" name="teardown" is-config="true" duration-ms="1" started-at="2015-07-18T14:17:46Z" finished-at="2015-07-18T14:17:46Z">
          <reporter-output>
          </reporter-output>
        </test-method> <!-- teardown -->
      </class> <!-- com.proptiger1.MobileTestBed -->
    </test> <!-- Default test -->
  </suite> <!-- Default suite -->
</testng-results>
